mpif77 -c  -O2 -fdefault-real-8 -fdefault-double-8 -x f77-cpp-input -DPTRSIZE8 -DMPI -DLONGINT8 -DUNDERSCORE -DTIMER -DMPITIMER -DGLOBAL_LONG_LONG -I/home/prabal/workstation/git_me/NekExamples/double_shear -I/home/prabal/workstation/git_me/Nek5000/core -I/home/prabal/workstation/git_me/Nek5000/core/cmt -I./  hpf.f -o obj/hpf.o
mpif77 -c  -O2 -fdefault-real-8 -fdefault-double-8 -x f77-cpp-input -DPTRSIZE8 -DMPI -DLONGINT8 -DUNDERSCORE -DTIMER -DMPITIMER -DGLOBAL_LONG_LONG -I/home/prabal/workstation/git_me/NekExamples/double_shear -I/home/prabal/workstation/git_me/Nek5000/core -I/home/prabal/workstation/git_me/Nek5000/core/cmt -I./ /home/prabal/workstation/git_me/NekExamples/double_shear/hpf.f    -o obj/hpf.o 
mpif77 -o nek5000  obj/hpf.o obj/drive.o obj/drive1.o obj/drive2.o obj/plan4.o obj/bdry.o obj/coef.o obj/conduct.o obj/connect1.o obj/connect2.o obj/dssum.o obj/edgec.o obj/eigsolv.o obj/gauss.o obj/genxyz.o obj/navier1.o obj/makeq.o obj/navier0.o obj/navier2.o obj/navier3.o obj/navier4.o obj/prepost.o obj/speclib.o obj/map2.o obj/turb.o obj/mvmesh.o obj/ic.o obj/ssolv.o obj/planx.o obj/math.o obj/mxm_wrapper.o obj/hmholtz.o obj/gfdm_par.o obj/gfdm_op.o obj/gfdm_solve.o obj/subs1.o obj/subs2.o obj/genbox.o obj/gmres.o obj/hsmg.o obj/convect.o obj/induct.o obj/perturb.o obj/navier5.o obj/navier6.o obj/navier7.o obj/navier8.o obj/fast3d.o obj/fasts.o obj/calcz.o obj/byte.o obj/chelpers.o obj/byte_mpi.o obj/postpro.o obj/cvode_driver.o obj/nek_comm.o obj/vprops.o obj/makeq_aux.o obj/papi.o obj/nek_in_situ.o obj/readat_new.o obj/finiparser.o obj/iniparser.o obj/dictionary.o obj/mxm_std.o obj/blas.o obj/hpf.o obj/comm_mpi.o obj/singlmesh.o obj/dsygv.o obj/ssygv.o obj/jl_gs.o obj/jl_sort.o obj/jl_sarray_transfer.o obj/jl_sarray_sort.o obj/jl_gs_local.o obj/jl_crystal.o obj/jl_comm.o obj/jl_tensor.o obj/jl_fail.o obj/jl_fcrystal.o obj/jl_findpts.o obj/jl_findpts_local.o obj/jl_obbox.o obj/jl_poly.o obj/jl_lob_bnd.o obj/jl_findpts_el_3.o obj/jl_findpts_el_2.o obj/jl_sparse_cholesky.o obj/jl_xxt.o obj/jl_fcrs.o 
obj/hpf.o: In function `build_hpf_fld_':
hpf.f:(.text+0x0): multiple definition of `build_hpf_fld_'
obj/hpf.o:hpf.f:(.text+0x0): first defined here
obj/hpf.o: In function `spec_coeff_init_':
hpf.f:(.text+0x270): multiple definition of `spec_coeff_init_'
obj/hpf.o:hpf.f:(.text+0x270): first defined here
obj/hpf.o: In function `get_spec_coeff_':
hpf.f:(.text+0x3d0): multiple definition of `get_spec_coeff_'
obj/hpf.o:hpf.f:(.text+0x3d0): first defined here
obj/hpf.o: In function `build_hpf_mat_':
hpf.f:(.text+0x490): multiple definition of `build_hpf_mat_'
obj/hpf.o:hpf.f:(.text+0x490): first defined here
obj/hpf.o: In function `hpf_trns_fcn_':
hpf.f:(.text+0x580): multiple definition of `hpf_trns_fcn_'
obj/hpf.o:hpf.f:(.text+0x580): first defined here
obj/hpf.o: In function `make_hpf_':
hpf.f:(.text+0x710): multiple definition of `make_hpf_'
obj/hpf.o:hpf.f:(.text+0x710): first defined here
obj/hpf.o: In function `addhpf_':
hpf.f:(.text+0x9b0): multiple definition of `addhpf_'
obj/hpf.o:hpf.f:(.text+0x9b0): first defined here
obj/hpf.o: In function `addhpf_q_':
hpf.f:(.text+0x9f0): multiple definition of `addhpf_q_'
obj/hpf.o:hpf.f:(.text+0x9f0): first defined here
obj/hpf.o: In function `usrsetvert_':
hpf.f:(.text+0xa60): multiple definition of `usrsetvert_'
obj/hpf.o:hpf.f:(.text+0xa60): first defined here
obj/hpf.o: In function `userqtl_':
hpf.f:(.text+0xa70): multiple definition of `userqtl_'
obj/hpf.o:hpf.f:(.text+0xa70): first defined here
obj/drive1.o: In function `nek_init_':
drive1.f:(.text+0x5c1): undefined reference to `usrdat_'
drive1.f:(.text+0x602): undefined reference to `usrdat2_'
drive1.f:(.text+0x6b8): undefined reference to `usrdat3_'
drive1.f:(.text+0x707): undefined reference to `userchk_'
obj/drive1.o: In function `nek_solve_':
drive1.f:(.text+0x100c): undefined reference to `userchk_'
drive1.f:(.text+0x1085): undefined reference to `userchk_'
obj/bdry.o: In function `faceis_':
bdry.f:(.text+0x237f): undefined reference to `userbc_'
bdry.f:(.text+0x250a): undefined reference to `userbc_'
bdry.f:(.text+0x26da): undefined reference to `userbc_'
bdry.f:(.text+0x27a2): undefined reference to `userbc_'
bdry.f:(.text+0x28c2): undefined reference to `userbc_'
obj/bdry.o:bdry.f:(.text+0x2afb): more undefined references to `userbc_' follow
obj/conduct.o: In function `nekuq_':
conduct.f:(.text+0x1a1): undefined reference to `userq_'
obj/navier1.o: In function `nekuf_':
navier1.f:(.text+0xa6d7): undefined reference to `userf_'
obj/ic.o: In function `nekuic_':
ic.f:(.text+0xa04): undefined reference to `useric_'
ic.f:(.text+0xcc0): undefined reference to `useric_'
ic.f:(.text+0xe30): undefined reference to `useric_'
obj/ssolv.o: In function `gostep_':
ssolv.f:(.text+0x16a4): undefined reference to `userchk_'
obj/ssolv.o: In function `go1step_':
ssolv.f:(.text+0x20d4): undefined reference to `userchk_'
obj/subs1.o: In function `nekuvp_':
subs1.f:(.text+0x8725): undefined reference to `uservp_'
collect2: error: ld returned 1 exit status
make: *** [makefile:159: nek5000] Error 1
